Performing C SOURCE FILE Test CMAKE_HAVE_LIBC_PTHREAD failed with the following output:
Change Dir: /home/gzx/catkin_ws/src/mi_compute/cmake-build-debug/CMakeFiles/CMakeTmp

Run Build Command(s):/usr/bin/make cmTC_bb07a/fast && /usr/bin/make  -f CMakeFiles/cmTC_bb07a.dir/build.make CMakeFiles/cmTC_bb07a.dir/build
make[1]: Entering directory '/home/gzx/catkin_ws/src/mi_compute/cmake-build-debug/CMakeFiles/CMakeTmp'
Building C object CMakeFiles/cmTC_bb07a.dir/src.c.o
/usr/bin/cc   -DCMAKE_HAVE_LIBC_PTHREAD   -o CMakeFiles/cmTC_bb07a.dir/src.c.o   -c /home/gzx/catkin_ws/src/mi_compute/cmake-build-debug/CMakeFiles/CMakeTmp/src.c
Linking C executable cmTC_bb07a
/home/gzx/software/clion-2020.2.3/bin/cmake/linux/bin/cmake -E cmake_link_script CMakeFiles/cmTC_bb07a.dir/link.txt --verbose=1
/usr/bin/cc  -DCMAKE_HAVE_LIBC_PTHREAD    -rdynamic CMakeFiles/cmTC_bb07a.dir/src.c.o  -o cmTC_bb07a 
CMakeFiles/cmTC_bb07a.dir/src.c.o：在函数‘main’中：
src.c:(.text+0x3c)：对‘pthread_create’未定义的引用
src.c:(.text+0x48)：对‘pthread_detach’未定义的引用
src.c:(.text+0x54)：对‘pthread_cancel’未定义的引用
src.c:(.text+0x65)：对‘pthread_join’未定义的引用
src.c:(.text+0x79)：对‘pthread_atfork’未定义的引用
collect2: error: ld returned 1 exit status
CMakeFiles/cmTC_bb07a.dir/build.make:106: recipe for target 'cmTC_bb07a' failed
make[1]: *** [cmTC_bb07a] Error 1
make[1]: Leaving directory '/home/gzx/catkin_ws/src/mi_compute/cmake-build-debug/CMakeFiles/CMakeTmp'
Makefile:141: recipe for target 'cmTC_bb07a/fast' failed
make: *** [cmTC_bb07a/fast] Error 2


Source file was:
#include <pthread.h>

void* test_func(void* data)
{
  return data;
}

int main(void)
{
  pthread_t thread;
  pthread_create(&thread, NULL, test_func, NULL);
  pthread_detach(thread);
  pthread_cancel(thread);
  pthread_join(thread, NULL);
  pthread_atfork(NULL, NULL, NULL);
  pthread_exit(NULL);

  return 0;
}

Determining if the function pthread_create exists in the pthreads failed with the following output:
Change Dir: /home/gzx/catkin_ws/src/mi_compute/cmake-build-debug/CMakeFiles/CMakeTmp

Run Build Command(s):/usr/bin/make cmTC_a0689/fast && /usr/bin/make  -f CMakeFiles/cmTC_a0689.dir/build.make CMakeFiles/cmTC_a0689.dir/build
make[1]: Entering directory '/home/gzx/catkin_ws/src/mi_compute/cmake-build-debug/CMakeFiles/CMakeTmp'
Building C object CMakeFiles/cmTC_a0689.dir/CheckFunctionExists.c.o
/usr/bin/cc   -DCHECK_FUNCTION_EXISTS=pthread_create   -o CMakeFiles/cmTC_a0689.dir/CheckFunctionExists.c.o   -c /home/gzx/software/clion-2020.2.3/bin/cmake/linux/share/cmake-3.17/Modules/CheckFunctionExists.c
Linking C executable cmTC_a0689
/home/gzx/software/clion-2020.2.3/bin/cmake/linux/bin/cmake -E cmake_link_script CMakeFiles/cmTC_a0689.dir/link.txt --verbose=1
/usr/bin/cc  -DCHECK_FUNCTION_EXISTS=pthread_create    -rdynamic CMakeFiles/cmTC_a0689.dir/CheckFunctionExists.c.o  -o cmTC_a0689  -lpthreads 
/usr/bin/ld: 找不到 -lpthreads
collect2: error: ld returned 1 exit status
CMakeFiles/cmTC_a0689.dir/build.make:106: recipe for target 'cmTC_a0689' failed
make[1]: *** [cmTC_a0689] Error 1
make[1]: Leaving directory '/home/gzx/catkin_ws/src/mi_compute/cmake-build-debug/CMakeFiles/CMakeTmp'
Makefile:141: recipe for target 'cmTC_a0689/fast' failed
make: *** [cmTC_a0689/fast] Error 2



